<?xml version="1.0" encoding="UTF-8"?>
<!-- Generated by org.testng.reporters.JUnitXMLReporter -->
<testsuite hostname="DESKTOP-63II64D" ignored="0" name="Default test" tests="8" failures="0" timestamp="10 Sep 2017 19:41:43 GMT" time="37.411" errors="0">
  <testcase name="T1_test_Http_Status_Code_For_The_Programs_API" time="11.525" classname="API.com.project.api.ECX.ECX_CoursesTest"/>
  <testcase name="T2_test_All_Headers_Are_Present_In_The_Response" time="0.015" classname="API.com.project.api.ECX.ECX_CoursesTest"/>
  <testcase name="T3_test_More_Than_Records_Are_Returned_From_The_Call" time="0.0" classname="API.com.project.api.ECX.ECX_CoursesTest"/>
  <testcase name="T4_test_OffSet_And_Max_When_Set_To_Same_Value_Recors_Are_Displayed_While_Using_Pagesize" time="6.957" classname="API.com.project.api.ECX.ECX_CoursesTest"/>
  <testcase name="T5_test_Check_A_SpecificRecord" time="5.326" classname="API.com.project.api.ECX.ECX_CoursesTest"/>
  <testcase name="T6_test_Check_Records_In_Range" time="6.845" classname="API.com.project.api.ECX.ECX_CoursesTest"/>
  <testcase name="T7_test_No_Of_Records_If_Offset_And_Max_Are_Same" time="1.802" classname="API.com.project.api.ECX.ECX_CoursesTest"/>
  <testcase name="T8_test_No_Of_Records_If_OfSet_IS_SET_TO_0" time="4.916" classname="API.com.project.api.ECX.ECX_CoursesTest"/>
</testsuite> <!-- Default test -->
